-------------------------------------------------------------------------------
Test set: com.example.springapp.SpringappApplicationTests
-------------------------------------------------------------------------------
Tests run: 10, Failures: 10, Errors: 0, Skipped: 0, Time elapsed: 12.601 s <<< FAILURE! - in com.example.springapp.SpringappApplicationTests
testGetSetAll1  Time elapsed: 0.262 s  <<< FAILURE!
java.lang.AssertionError: Status expected:<200> but was:<401>
	at com.example.springapp.SpringappApplicationTests.testGetSetAll1(SpringappApplicationTests.java:202)

testGetSetById  Time elapsed: 0.022 s  <<< FAILURE!
java.lang.AssertionError: Status expected:<200> but was:<401>
	at com.example.springapp.SpringappApplicationTests.testGetSetById(SpringappApplicationTests.java:190)

testGetAllWorkout1  Time elapsed: 0.017 s  <<< FAILURE!
java.lang.AssertionError: Status expected:<200> but was:<401>
	at com.example.springapp.SpringappApplicationTests.testGetAllWorkout1(SpringappApplicationTests.java:99)

testDeleteSetById  Time elapsed: 0.018 s  <<< FAILURE!
java.lang.AssertionError: Status expected:<200> but was:<403>
	at com.example.springapp.SpringappApplicationTests.testDeleteSetById(SpringappApplicationTests.java:231)

testGetWorkoutById  Time elapsed: 0.013 s  <<< FAILURE!
java.lang.AssertionError: Status expected:<200> but was:<401>
	at com.example.springapp.SpringappApplicationTests.testGetWorkoutById(SpringappApplicationTests.java:114)

testGetById  Time elapsed: 0.019 s  <<< FAILURE!
java.lang.AssertionError: Status expected:<200> but was:<401>
	at com.example.springapp.SpringappApplicationTests.testGetById(SpringappApplicationTests.java:155)

testGetWorkoutUserById  Time elapsed: 0.008 s  <<< FAILURE!
java.lang.AssertionError: Status expected:<200> but was:<401>
	at com.example.springapp.SpringappApplicationTests.testGetWorkoutUserById(SpringappApplicationTests.java:129)

testGetAllexercise1  Time elapsed: 0.024 s  <<< FAILURE!
java.lang.AssertionError: Status expected:<200> but was:<401>
	at com.example.springapp.SpringappApplicationTests.testGetAllexercise1(SpringappApplicationTests.java:141)

testGetSetByExerciseId  Time elapsed: 0.014 s  <<< FAILURE!
java.lang.AssertionError: Status expected:<200> but was:<401>
	at com.example.springapp.SpringappApplicationTests.testGetSetByExerciseId(SpringappApplicationTests.java:219)

testGetExerciseByWorkoutId  Time elapsed: 0.018 s  <<< FAILURE!
java.lang.AssertionError: Status expected:<200> but was:<401>
	at com.example.springapp.SpringappApplicationTests.testGetExerciseByWorkoutId(SpringappApplicationTests.java:170)

